/store/torrent/watch/DP_hid_wnt5-x86_1209.torrent
/store/torrent/watch/DP_runtimes-for-ati_wnt5-x86_1206.torrent
/store/torrent/watch/DP_graphics-a_wnt5-x86_1206.torrent
/store/torrent/watch/DP_graphics-b_wnt5-x86_1206.torrent
/store/torrent/watch/DP_graphics-c_wnt5-x86_1206.torrent
/store/torrent/watch/DP_graphics-languages_wnt5-x86_1206.torrent
/store/torrent/watch/DP_graphics-physx_wnt5-x86_1206.torrent
/store/torrent/watch/DP_touchpad_mouse_wnt6-x64_1203.torrent
/store/torrent/watch/DP_graphics-mobile_wnt6-x64_1203.torrent
/store/torrent/watch/DP_miscellaneous_wnt6-x64_1202.torrent
/store/torrent/watch/DP_sound-a_wnt5-x86_1111.torrent
/store/torrent/watch/DP_sound-b_wnt5-x86_1111.torrent
/store/torrent/watch/DP_audio_wnt6-x64_1111.torrent
/store/torrent/watch/DP_amdfilter_wnt6-x86_1110.torrent
/store/torrent/watch/DP_cardreaders_wnt6-x86_11041.torrent
/store/torrent/watch/DP_lan-ris_wnt5-x86_1011.torrent
/store/torrent/watch/DP_bluetooth_wnt5-x86_910.torrent
/store/torrent/watch/DP_cpu_wnt5-x86_1005.torrent
/store/torrent/watch/DP_gaming_wnt6-x86_1001.torrent
/store/torrent/watch/DP_cablemodem_wnt6-x86_1001.torrent
